<?xml version="1.0" encoding="UTF-8"?>
<testng-results ignored="0" total="1" passed="1" failed="0" skipped="0">
  <reporter-output>
    <line>
      <![CDATA[Setting up reports and Test is getting ready]]>
    </line>
    <line>
      <![CDATA[Setting done-Test can be started]]>
    </line>
    <line>
      <![CDATA[Trying to start browser and getting applicattion ready]]>
    </line>
    <line>
      <![CDATA[Browser and application is up and running]]>
    </line>
    <line>
      <![CDATA[Test is about  to end]]>
    </line>
    <line>
      <![CDATA[Test completed >>> Reports generated ]]>
    </line>
  </reporter-output>
  <suite started-at="2020-02-15T17:43:06Z" name="Default suite" finished-at="2020-02-15T17:44:25Z" duration-ms="79013">
    <groups>
    </groups>
    <test started-at="2020-02-15T17:43:06Z" name="Default test" finished-at="2020-02-15T17:44:25Z" duration-ms="79013">
      <class name="com.testcases.loginTestMPL">
        <test-method is-config="true" signature="setUPSuite()[pri:0, instance:com.testcases.loginTestMPL@51b7e5df]" started-at="2020-02-15T23:13:06Z" name="setUPSuite" finished-at="2020-02-15T23:13:06Z" duration-ms="130" status="PASS">
          <reporter-output>
            <line>
              <![CDATA[Setting up reports and Test is getting ready]]>
            </line>
            <line>
              <![CDATA[Setting done-Test can be started]]>
            </line>
          </reporter-output>
        </test-method> <!-- setUPSuite -->
        <test-method is-config="true" signature="setup()[pri:0, instance:com.testcases.loginTestMPL@51b7e5df]" started-at="2020-02-15T23:13:06Z" name="setup" finished-at="2020-02-15T23:13:10Z" duration-ms="3331" status="PASS">
          <reporter-output>
            <line>
              <![CDATA[Trying to start browser and getting applicattion ready]]>
            </line>
            <line>
              <![CDATA[Browser and application is up and running]]>
            </line>
          </reporter-output>
        </test-method> <!-- setup -->
        <test-method signature="loginPage()[pri:0, instance:com.testcases.loginTestMPL@51b7e5df]" started-at="2020-02-15T23:13:10Z" name="loginPage" finished-at="2020-02-15T23:14:24Z" duration-ms="74046" status="PASS">
          <reporter-output>
          </reporter-output>
        </test-method> <!-- loginPage -->
        <test-method is-config="true" signature="tearDownMethod(org.testng.ITestResult)[pri:0, instance:com.testcases.loginTestMPL@51b7e5df]" started-at="2020-02-15T23:14:24Z" name="tearDownMethod" finished-at="2020-02-15T23:14:25Z" duration-ms="1492" status="PASS">
          <params>
            <param index="0">
              <value>
                <![CDATA[[TestResult name=loginPage status=SUCCESS method=loginTestMPL.loginPage()[pri:0, instance:com.testcases.loginTestMPL@51b7e5df] output={null}]]]>
              </value>
            </param>
          </params>
          <reporter-output>
            <line>
              <![CDATA[Test is about  to end]]>
            </line>
            <line>
              <![CDATA[Test completed >>> Reports generated ]]>
            </line>
          </reporter-output>
        </test-method> <!-- tearDownMethod -->
        <test-method is-config="true" signature="tearDown()[pri:0, instance:com.testcases.loginTestMPL@51b7e5df]" started-at="2020-02-15T23:14:25Z" name="tearDown" finished-at="2020-02-15T23:14:25Z" duration-ms="129" status="PASS">
          <reporter-output>
          </reporter-output>
        </test-method> <!-- tearDown -->
      </class> <!-- com.testcases.loginTestMPL -->
    </test> <!-- Default test -->
  </suite> <!-- Default suite -->
</testng-results>
