<?xml version="1.0" encoding="UTF-8"?>
<!-- Generated by org.testng.reporters.JUnitXMLReporter -->
<testsuite ignored="0" hostname="Administrators-MacBook-Pro.local" failures="0" tests="1" name="Test" time="0.014" errors="0" timestamp="15 Feb 2020 08:38:24 GMT">
  <testcase classname="com.pages.BaseClass" name="@BeforeClass setup" time="0.0">
    <failure type="java.lang.NullPointerException">
      <![CDATA[java.lang.NullPointerException
	at com.pages.BaseClass.setup(BaseClass.java:29)
... Removed 25 stack frames]]>
    </failure>
  </testcase> <!-- @BeforeClass setup -->
  <testcase classname="com.pages.BaseClass" name="@AfterClass tearDown" time="0.0">
    <skipped/>
  </testcase> <!-- @AfterClass tearDown -->
  <testcase classname="com.testcases.loginTestMPL" name="loginPage" time="0.001">
    <skipped/>
  </testcase> <!-- loginPage -->
</testsuite> <!-- Test -->
