<?xml version="1.0" encoding="UTF-8"?>
<testng-results skipped="0" failed="0" ignored="0" total="1" passed="1">
  <reporter-output>
    <line>
      <![CDATA[Setting up reports and Test is getting ready]]>
    </line>
    <line>
      <![CDATA[Setting done-Test can be started]]>
    </line>
    <line>
      <![CDATA[Trying to start browser and getting applicattion ready]]>
    </line>
    <line>
      <![CDATA[Browsr and application is up and running]]>
    </line>
    <line>
      <![CDATA[Test is about  to end]]>
    </line>
    <line>
      <![CDATA[Test completed >>> Reports generated ]]>
    </line>
  </reporter-output>
  <suite name="Suite" duration-ms="15831" started-at="2019-10-31T11:54:42Z" finished-at="2019-10-31T11:54:58Z">
    <groups>
    </groups>
    <test name="Test" duration-ms="15831" started-at="2019-10-31T11:54:42Z" finished-at="2019-10-31T11:54:58Z">
      <class name="com.learnautomation.testcases.LoginTestCRM">
        <test-method status="PASS" signature="setUpSuite()[pri:0, instance:com.learnautomation.testcases.LoginTestCRM@6767c1fc]" name="setUpSuite" is-config="true" duration-ms="698" started-at="2019-10-31T17:24:42Z" finished-at="2019-10-31T17:24:42Z">
          <reporter-output>
            <line>
              <![CDATA[Setting up reports and Test is getting ready]]>
            </line>
            <line>
              <![CDATA[Setting done-Test can be started]]>
            </line>
          </reporter-output>
        </test-method> <!-- setUpSuite -->
        <test-method status="PASS" signature="setUp()[pri:0, instance:com.learnautomation.testcases.LoginTestCRM@6767c1fc]" name="setUp" is-config="true" duration-ms="11207" started-at="2019-10-31T17:24:42Z" finished-at="2019-10-31T17:24:54Z">
          <reporter-output>
            <line>
              <![CDATA[Trying to start browser and getting applicattion ready]]>
            </line>
            <line>
              <![CDATA[Browsr and application is up and running]]>
            </line>
          </reporter-output>
        </test-method> <!-- setUp -->
        <test-method status="PASS" signature="loginApp()[pri:0, instance:com.learnautomation.testcases.LoginTestCRM@6767c1fc]" name="loginApp" duration-ms="2402" started-at="2019-10-31T17:24:54Z" finished-at="2019-10-31T17:24:56Z">
          <reporter-output>
          </reporter-output>
        </test-method> <!-- loginApp -->
        <test-method status="PASS" signature="tearDownMethod(org.testng.ITestResult)[pri:0, instance:com.learnautomation.testcases.LoginTestCRM@6767c1fc]" name="tearDownMethod" is-config="true" duration-ms="995" started-at="2019-10-31T17:24:56Z" finished-at="2019-10-31T17:24:57Z">
          <params>
            <param index="0">
              <value>
                <![CDATA[[TestResult name=loginApp status=SUCCESS method=LoginTestCRM.loginApp()[pri:0, instance:com.learnautomation.testcases.LoginTestCRM@6767c1fc] output={null}]]]>
              </value>
            </param>
          </params>
          <reporter-output>
            <line>
              <![CDATA[Test is about  to end]]>
            </line>
            <line>
              <![CDATA[Test completed >>> Reports generated ]]>
            </line>
          </reporter-output>
        </test-method> <!-- tearDownMethod -->
        <test-method status="PASS" signature="tearDown()[pri:0, instance:com.learnautomation.testcases.LoginTestCRM@6767c1fc]" name="tearDown" is-config="true" duration-ms="1206" started-at="2019-10-31T17:24:57Z" finished-at="2019-10-31T17:24:58Z">
          <reporter-output>
          </reporter-output>
        </test-method> <!-- tearDown -->
      </class> <!-- com.learnautomation.testcases.LoginTestCRM -->
    </test> <!-- Test -->
  </suite> <!-- Suite -->
</testng-results>
